2018-02-26 21:08:00,425 WARN  [SoapUI] Missing folder [C:\Users\Pamela Palacios\Documents\NetBeansProjects\Nueva Carpeta (2)\Farmacia\Farmacia\ext] for external libraries
2018-02-26 21:08:01,141 INFO  [DefaultSoapUICore] initialized soapui-settings from [C:\Users\Pamela Palacios\soapui-settings.xml]
2018-02-26 21:08:08,479 INFO  [PluginManager] Adding plugin from [C:\Users\Pamela Palacios\.soapuios\plugins\ready-mqtt-plugin-dist.jar]
2018-02-26 21:08:08,479 INFO  [PluginManager] Adding plugin from [C:\Users\Pamela Palacios\.soapuios\plugins\soapui-swagger-plugin-2.2-dist.jar]
2018-02-26 21:08:09,866 ERROR [SoapUI] An error occurred [com.eviware.soapui.plugins.auto.factories.AutoDiscoveryMethodFactory], see error log for details
2018-02-26 21:08:09,881 ERROR [errorlog] java.lang.ClassNotFoundException: com.eviware.soapui.plugins.auto.factories.AutoDiscoveryMethodFactory
java.lang.ClassNotFoundException: com.eviware.soapui.plugins.auto.factories.AutoDiscoveryMethodFactory
	at java.net.URLClassLoader.findClass(URLClassLoader.java:381)
	at java.lang.ClassLoader.loadClass(ClassLoader.java:424)
	at sun.misc.Launcher$AppClassLoader.loadClass(Launcher.java:338)
	at java.lang.ClassLoader.loadClass(ClassLoader.java:357)
	at java.lang.Class.forName0(Native Method)
	at java.lang.Class.forName(Class.java:264)
	at com.eviware.soapui.plugins.LoaderBase.loadAutoFactories(LoaderBase.java:96)
	at com.eviware.soapui.plugins.LoaderBase.loadFactories(LoaderBase.java:64)
	at com.eviware.soapui.plugins.PluginLoader.loadPluginFactories(PluginLoader.java:129)
	at com.eviware.soapui.plugins.PluginLoader.loadPlugin(PluginLoader.java:92)
	at com.eviware.soapui.plugins.PluginLoader.loadPlugin(PluginLoader.java:42)
	at com.eviware.soapui.plugins.PluginManager.doInstallPlugin(PluginManager.java:136)
	at com.eviware.soapui.plugins.PluginManager.access$600(PluginManager.java:38)
	at com.eviware.soapui.plugins.PluginManager$LoadPluginsTask.computeSequentially(PluginManager.java:415)
	at com.eviware.soapui.plugins.PluginManager$LoadPluginsTask.compute(PluginManager.java:372)
	at com.eviware.soapui.plugins.PluginManager$LoadPluginsTask.compute(PluginManager.java:377)
	at com.eviware.soapui.plugins.PluginManager$LoadPluginsTask.compute(PluginManager.java:360)
	at java.util.concurrent.RecursiveTask.exec(RecursiveTask.java:94)
	at java.util.concurrent.ForkJoinTask.doExec(ForkJoinTask.java:289)
	at java.util.concurrent.ForkJoinPool$WorkQueue.runTask(ForkJoinPool.java:1056)
	at java.util.concurrent.ForkJoinPool.runWorker(ForkJoinPool.java:1692)
	at java.util.concurrent.ForkJoinWorkerThread.run(ForkJoinWorkerThread.java:157)
2018-02-26 21:08:09,913 ERROR [SoapUI] An error occurred [com.eviware.soapui.plugins.auto.factories.AutoImportMethodFactory], see error log for details
2018-02-26 21:08:09,913 ERROR [errorlog] java.lang.ClassNotFoundException: com.eviware.soapui.plugins.auto.factories.AutoImportMethodFactory
java.lang.ClassNotFoundException: com.eviware.soapui.plugins.auto.factories.AutoImportMethodFactory
	at java.net.URLClassLoader.findClass(URLClassLoader.java:381)
	at java.lang.ClassLoader.loadClass(ClassLoader.java:424)
	at sun.misc.Launcher$AppClassLoader.loadClass(Launcher.java:338)
	at java.lang.ClassLoader.loadClass(ClassLoader.java:357)
	at java.lang.Class.forName0(Native Method)
	at java.lang.Class.forName(Class.java:264)
	at com.eviware.soapui.plugins.LoaderBase.loadAutoFactories(LoaderBase.java:96)
	at com.eviware.soapui.plugins.LoaderBase.loadFactories(LoaderBase.java:64)
	at com.eviware.soapui.plugins.PluginLoader.loadPluginFactories(PluginLoader.java:129)
	at com.eviware.soapui.plugins.PluginLoader.loadPlugin(PluginLoader.java:92)
	at com.eviware.soapui.plugins.PluginLoader.loadPlugin(PluginLoader.java:42)
	at com.eviware.soapui.plugins.PluginManager.doInstallPlugin(PluginManager.java:136)
	at com.eviware.soapui.plugins.PluginManager.access$600(PluginManager.java:38)
	at com.eviware.soapui.plugins.PluginManager$LoadPluginsTask.computeSequentially(PluginManager.java:415)
	at com.eviware.soapui.plugins.PluginManager$LoadPluginsTask.compute(PluginManager.java:372)
	at com.eviware.soapui.plugins.PluginManager$LoadPluginsTask.compute(PluginManager.java:377)
	at com.eviware.soapui.plugins.PluginManager$LoadPluginsTask.compute(PluginManager.java:360)
	at java.util.concurrent.RecursiveTask.exec(RecursiveTask.java:94)
	at java.util.concurrent.ForkJoinTask.doExec(ForkJoinTask.java:289)
	at java.util.concurrent.ForkJoinPool$WorkQueue.runTask(ForkJoinPool.java:1056)
	at java.util.concurrent.ForkJoinPool.runWorker(ForkJoinPool.java:1692)
	at java.util.concurrent.ForkJoinWorkerThread.run(ForkJoinWorkerThread.java:157)
2018-02-26 21:08:09,928 INFO  [PluginManager] Adding plugin from [C:\Users\Pamela Palacios\.soapuios\plugins\ready-uxm-plugin-1.0.1-dist.jar]
2018-02-26 21:08:10,738 ERROR [SoapUI] An error occurred [com.eviware.soapui.plugins.auto.factories.AutoDiscoveryMethodFactory], see error log for details
2018-02-26 21:08:10,738 ERROR [errorlog] java.lang.ClassNotFoundException: com.eviware.soapui.plugins.auto.factories.AutoDiscoveryMethodFactory
java.lang.ClassNotFoundException: com.eviware.soapui.plugins.auto.factories.AutoDiscoveryMethodFactory
	at java.net.URLClassLoader.findClass(URLClassLoader.java:381)
	at java.lang.ClassLoader.loadClass(ClassLoader.java:424)
	at sun.misc.Launcher$AppClassLoader.loadClass(Launcher.java:338)
	at java.lang.ClassLoader.loadClass(ClassLoader.java:357)
	at java.lang.Class.forName0(Native Method)
	at java.lang.Class.forName(Class.java:264)
	at com.eviware.soapui.plugins.LoaderBase.loadAutoFactories(LoaderBase.java:96)
	at com.eviware.soapui.plugins.LoaderBase.loadFactories(LoaderBase.java:64)
	at com.eviware.soapui.plugins.PluginLoader.loadPluginFactories(PluginLoader.java:129)
	at com.eviware.soapui.plugins.PluginLoader.loadPlugin(PluginLoader.java:92)
	at com.eviware.soapui.plugins.PluginLoader.loadPlugin(PluginLoader.java:42)
	at com.eviware.soapui.plugins.PluginManager.doInstallPlugin(PluginManager.java:136)
	at com.eviware.soapui.plugins.PluginManager.access$600(PluginManager.java:38)
	at com.eviware.soapui.plugins.PluginManager$LoadPluginsTask.computeSequentially(PluginManager.java:415)
	at com.eviware.soapui.plugins.PluginManager$LoadPluginsTask.compute(PluginManager.java:372)
	at com.eviware.soapui.plugins.PluginManager$LoadPluginsTask.compute(PluginManager.java:377)
	at com.eviware.soapui.plugins.PluginManager$LoadPluginsTask.compute(PluginManager.java:360)
	at java.util.concurrent.RecursiveTask.exec(RecursiveTask.java:94)
	at java.util.concurrent.ForkJoinTask.doExec(ForkJoinTask.java:289)
	at java.util.concurrent.ForkJoinPool$WorkQueue.runTask(ForkJoinPool.java:1056)
	at java.util.concurrent.ForkJoinPool.runWorker(ForkJoinPool.java:1692)
	at java.util.concurrent.ForkJoinWorkerThread.run(ForkJoinWorkerThread.java:157)
2018-02-26 21:08:10,738 ERROR [SoapUI] An error occurred [com.eviware.soapui.plugins.auto.factories.AutoImportMethodFactory], see error log for details
2018-02-26 21:08:10,738 ERROR [errorlog] java.lang.ClassNotFoundException: com.eviware.soapui.plugins.auto.factories.AutoImportMethodFactory
java.lang.ClassNotFoundException: com.eviware.soapui.plugins.auto.factories.AutoImportMethodFactory
	at java.net.URLClassLoader.findClass(URLClassLoader.java:381)
	at java.lang.ClassLoader.loadClass(ClassLoader.java:424)
	at sun.misc.Launcher$AppClassLoader.loadClass(Launcher.java:338)
	at java.lang.ClassLoader.loadClass(ClassLoader.java:357)
	at java.lang.Class.forName0(Native Method)
	at java.lang.Class.forName(Class.java:264)
	at com.eviware.soapui.plugins.LoaderBase.loadAutoFactories(LoaderBase.java:96)
	at com.eviware.soapui.plugins.LoaderBase.loadFactories(LoaderBase.java:64)
	at com.eviware.soapui.plugins.PluginLoader.loadPluginFactories(PluginLoader.java:129)
	at com.eviware.soapui.plugins.PluginLoader.loadPlugin(PluginLoader.java:92)
	at com.eviware.soapui.plugins.PluginLoader.loadPlugin(PluginLoader.java:42)
	at com.eviware.soapui.plugins.PluginManager.doInstallPlugin(PluginManager.java:136)
	at com.eviware.soapui.plugins.PluginManager.access$600(PluginManager.java:38)
	at com.eviware.soapui.plugins.PluginManager$LoadPluginsTask.computeSequentially(PluginManager.java:415)
	at com.eviware.soapui.plugins.PluginManager$LoadPluginsTask.compute(PluginManager.java:372)
	at com.eviware.soapui.plugins.PluginManager$LoadPluginsTask.compute(PluginManager.java:377)
	at com.eviware.soapui.plugins.PluginManager$LoadPluginsTask.compute(PluginManager.java:360)
	at java.util.concurrent.RecursiveTask.exec(RecursiveTask.java:94)
	at java.util.concurrent.ForkJoinTask.doExec(ForkJoinTask.java:289)
	at java.util.concurrent.ForkJoinPool$WorkQueue.runTask(ForkJoinPool.java:1056)
	at java.util.concurrent.ForkJoinPool.runWorker(ForkJoinPool.java:1692)
	at java.util.concurrent.ForkJoinWorkerThread.run(ForkJoinWorkerThread.java:157)
2018-02-26 21:08:10,753 ERROR [SoapUI] An error occurred [com.eviware.soapui.plugins.auto.factories.AutoDiscoveryMethodFactory], see error log for details
2018-02-26 21:08:10,753 ERROR [errorlog] java.lang.ClassNotFoundException: com.eviware.soapui.plugins.auto.factories.AutoDiscoveryMethodFactory
java.lang.ClassNotFoundException: com.eviware.soapui.plugins.auto.factories.AutoDiscoveryMethodFactory
	at java.net.URLClassLoader.findClass(URLClassLoader.java:381)
	at java.lang.ClassLoader.loadClass(ClassLoader.java:424)
	at sun.misc.Launcher$AppClassLoader.loadClass(Launcher.java:338)
	at java.lang.ClassLoader.loadClass(ClassLoader.java:357)
	at java.lang.Class.forName0(Native Method)
	at java.lang.Class.forName(Class.java:264)
	at com.eviware.soapui.plugins.LoaderBase.loadAutoFactories(LoaderBase.java:96)
	at com.eviware.soapui.plugins.LoaderBase.loadFactories(LoaderBase.java:64)
	at com.eviware.soapui.plugins.PluginLoader.loadPluginFactories(PluginLoader.java:129)
	at com.eviware.soapui.plugins.PluginLoader.loadPlugin(PluginLoader.java:92)
	at com.eviware.soapui.plugins.PluginLoader.loadPlugin(PluginLoader.java:42)
	at com.eviware.soapui.plugins.PluginManager.doInstallPlugin(PluginManager.java:136)
	at com.eviware.soapui.plugins.PluginManager.access$600(PluginManager.java:38)
	at com.eviware.soapui.plugins.PluginManager$LoadPluginsTask.computeSequentially(PluginManager.java:415)
	at com.eviware.soapui.plugins.PluginManager$LoadPluginsTask.compute(PluginManager.java:372)
	at com.eviware.soapui.plugins.PluginManager$LoadPluginsTask.compute(PluginManager.java:360)
	at java.util.concurrent.RecursiveTask.exec(RecursiveTask.java:94)
	at java.util.concurrent.ForkJoinTask.doExec(ForkJoinTask.java:289)
	at java.util.concurrent.ForkJoinPool$WorkQueue.runTask(ForkJoinPool.java:1056)
	at java.util.concurrent.ForkJoinPool.runWorker(ForkJoinPool.java:1692)
	at java.util.concurrent.ForkJoinWorkerThread.run(ForkJoinWorkerThread.java:157)
2018-02-26 21:08:10,753 ERROR [SoapUI] An error occurred [com.eviware.soapui.plugins.auto.factories.AutoImportMethodFactory], see error log for details
2018-02-26 21:08:10,753 ERROR [errorlog] java.lang.ClassNotFoundException: com.eviware.soapui.plugins.auto.factories.AutoImportMethodFactory
java.lang.ClassNotFoundException: com.eviware.soapui.plugins.auto.factories.AutoImportMethodFactory
	at java.net.URLClassLoader.findClass(URLClassLoader.java:381)
	at java.lang.ClassLoader.loadClass(ClassLoader.java:424)
	at sun.misc.Launcher$AppClassLoader.loadClass(Launcher.java:338)
	at java.lang.ClassLoader.loadClass(ClassLoader.java:357)
	at java.lang.Class.forName0(Native Method)
	at java.lang.Class.forName(Class.java:264)
	at com.eviware.soapui.plugins.LoaderBase.loadAutoFactories(LoaderBase.java:96)
	at com.eviware.soapui.plugins.LoaderBase.loadFactories(LoaderBase.java:64)
	at com.eviware.soapui.plugins.PluginLoader.loadPluginFactories(PluginLoader.java:129)
	at com.eviware.soapui.plugins.PluginLoader.loadPlugin(PluginLoader.java:92)
	at com.eviware.soapui.plugins.PluginLoader.loadPlugin(PluginLoader.java:42)
	at com.eviware.soapui.plugins.PluginManager.doInstallPlugin(PluginManager.java:136)
	at com.eviware.soapui.plugins.PluginManager.access$600(PluginManager.java:38)
	at com.eviware.soapui.plugins.PluginManager$LoadPluginsTask.computeSequentially(PluginManager.java:415)
	at com.eviware.soapui.plugins.PluginManager$LoadPluginsTask.compute(PluginManager.java:372)
	at com.eviware.soapui.plugins.PluginManager$LoadPluginsTask.compute(PluginManager.java:360)
	at java.util.concurrent.RecursiveTask.exec(RecursiveTask.java:94)
	at java.util.concurrent.ForkJoinTask.doExec(ForkJoinTask.java:289)
	at java.util.concurrent.ForkJoinPool$WorkQueue.runTask(ForkJoinPool.java:1056)
	at java.util.concurrent.ForkJoinPool.runWorker(ForkJoinPool.java:1692)
	at java.util.concurrent.ForkJoinWorkerThread.run(ForkJoinWorkerThread.java:157)
2018-02-26 21:08:10,785 INFO  [PluginManager] Adding plugin from [C:\Users\Pamela Palacios\.soapuios\plugins\readyapi-swaggerhub-plugin-1.0.jar]
2018-02-26 21:08:10,800 INFO  [PluginManager] Adding plugin from [C:\Users\Pamela Palacios\.soapuios\plugins\readyapi-postman-1.0.1.jar]
2018-02-26 21:08:11,560 ERROR [SoapUI] An error occurred [com.eviware.soapui.plugins.auto.factories.AutoDiscoveryMethodFactory], see error log for details
2018-02-26 21:08:11,560 ERROR [errorlog] java.lang.ClassNotFoundException: com.eviware.soapui.plugins.auto.factories.AutoDiscoveryMethodFactory
java.lang.ClassNotFoundException: com.eviware.soapui.plugins.auto.factories.AutoDiscoveryMethodFactory
	at java.net.URLClassLoader.findClass(URLClassLoader.java:381)
	at java.lang.ClassLoader.loadClass(ClassLoader.java:424)
	at sun.misc.Launcher$AppClassLoader.loadClass(Launcher.java:338)
	at java.lang.ClassLoader.loadClass(ClassLoader.java:357)
	at java.lang.Class.forName0(Native Method)
	at java.lang.Class.forName(Class.java:264)
	at com.eviware.soapui.plugins.LoaderBase.loadAutoFactories(LoaderBase.java:96)
	at com.eviware.soapui.plugins.LoaderBase.loadFactories(LoaderBase.java:64)
	at com.eviware.soapui.plugins.PluginLoader.loadPluginFactories(PluginLoader.java:129)
	at com.eviware.soapui.plugins.PluginLoader.loadPlugin(PluginLoader.java:92)
	at com.eviware.soapui.plugins.PluginLoader.loadPlugin(PluginLoader.java:42)
	at com.eviware.soapui.plugins.PluginManager.doInstallPlugin(PluginManager.java:136)
	at com.eviware.soapui.plugins.PluginManager.access$600(PluginManager.java:38)
	at com.eviware.soapui.plugins.PluginManager$LoadPluginsTask.computeSequentially(PluginManager.java:415)
	at com.eviware.soapui.plugins.PluginManager$LoadPluginsTask.compute(PluginManager.java:372)
	at com.eviware.soapui.plugins.PluginManager$LoadPluginsTask.compute(PluginManager.java:377)
	at com.eviware.soapui.plugins.PluginManager$LoadPluginsTask.compute(PluginManager.java:360)
	at java.util.concurrent.RecursiveTask.exec(RecursiveTask.java:94)
	at java.util.concurrent.ForkJoinTask.doExec(ForkJoinTask.java:289)
	at java.util.concurrent.ForkJoinPool$WorkQueue.runTask(ForkJoinPool.java:1056)
	at java.util.concurrent.ForkJoinPool.runWorker(ForkJoinPool.java:1692)
	at java.util.concurrent.ForkJoinWorkerThread.run(ForkJoinWorkerThread.java:157)
2018-02-26 21:08:11,560 ERROR [SoapUI] An error occurred [com.eviware.soapui.plugins.auto.factories.AutoImportMethodFactory], see error log for details
2018-02-26 21:08:11,560 ERROR [errorlog] java.lang.ClassNotFoundException: com.eviware.soapui.plugins.auto.factories.AutoImportMethodFactory
java.lang.ClassNotFoundException: com.eviware.soapui.plugins.auto.factories.AutoImportMethodFactory
	at java.net.URLClassLoader.findClass(URLClassLoader.java:381)
	at java.lang.ClassLoader.loadClass(ClassLoader.java:424)
	at sun.misc.Launcher$AppClassLoader.loadClass(Launcher.java:338)
	at java.lang.ClassLoader.loadClass(ClassLoader.java:357)
	at java.lang.Class.forName0(Native Method)
	at java.lang.Class.forName(Class.java:264)
	at com.eviware.soapui.plugins.LoaderBase.loadAutoFactories(LoaderBase.java:96)
	at com.eviware.soapui.plugins.LoaderBase.loadFactories(LoaderBase.java:64)
	at com.eviware.soapui.plugins.PluginLoader.loadPluginFactories(PluginLoader.java:129)
	at com.eviware.soapui.plugins.PluginLoader.loadPlugin(PluginLoader.java:92)
	at com.eviware.soapui.plugins.PluginLoader.loadPlugin(PluginLoader.java:42)
	at com.eviware.soapui.plugins.PluginManager.doInstallPlugin(PluginManager.java:136)
	at com.eviware.soapui.plugins.PluginManager.access$600(PluginManager.java:38)
	at com.eviware.soapui.plugins.PluginManager$LoadPluginsTask.computeSequentially(PluginManager.java:415)
	at com.eviware.soapui.plugins.PluginManager$LoadPluginsTask.compute(PluginManager.java:372)
	at com.eviware.soapui.plugins.PluginManager$LoadPluginsTask.compute(PluginManager.java:377)
	at com.eviware.soapui.plugins.PluginManager$LoadPluginsTask.compute(PluginManager.java:360)
	at java.util.concurrent.RecursiveTask.exec(RecursiveTask.java:94)
	at java.util.concurrent.ForkJoinTask.doExec(ForkJoinTask.java:289)
	at java.util.concurrent.ForkJoinPool$WorkQueue.runTask(ForkJoinPool.java:1056)
	at java.util.concurrent.ForkJoinPool.runWorker(ForkJoinPool.java:1692)
	at java.util.concurrent.ForkJoinWorkerThread.run(ForkJoinWorkerThread.java:157)
2018-02-26 21:08:11,678 ERROR [SoapUI] An error occurred [com.eviware.soapui.plugins.auto.factories.AutoDiscoveryMethodFactory], see error log for details
2018-02-26 21:08:11,678 ERROR [errorlog] java.lang.ClassNotFoundException: com.eviware.soapui.plugins.auto.factories.AutoDiscoveryMethodFactory
java.lang.ClassNotFoundException: com.eviware.soapui.plugins.auto.factories.AutoDiscoveryMethodFactory
	at java.net.URLClassLoader.findClass(URLClassLoader.java:381)
	at java.lang.ClassLoader.loadClass(ClassLoader.java:424)
	at sun.misc.Launcher$AppClassLoader.loadClass(Launcher.java:338)
	at java.lang.ClassLoader.loadClass(ClassLoader.java:357)
	at java.lang.Class.forName0(Native Method)
	at java.lang.Class.forName(Class.java:264)
	at com.eviware.soapui.plugins.LoaderBase.loadAutoFactories(LoaderBase.java:96)
	at com.eviware.soapui.plugins.LoaderBase.loadFactories(LoaderBase.java:64)
	at com.eviware.soapui.plugins.PluginLoader.loadPluginFactories(PluginLoader.java:129)
	at com.eviware.soapui.plugins.PluginLoader.loadPlugin(PluginLoader.java:92)
	at com.eviware.soapui.plugins.PluginLoader.loadPlugin(PluginLoader.java:42)
	at com.eviware.soapui.plugins.PluginManager.doInstallPlugin(PluginManager.java:136)
	at com.eviware.soapui.plugins.PluginManager.access$600(PluginManager.java:38)
	at com.eviware.soapui.plugins.PluginManager$LoadPluginsTask.computeSequentially(PluginManager.java:415)
	at com.eviware.soapui.plugins.PluginManager$LoadPluginsTask.compute(PluginManager.java:372)
	at com.eviware.soapui.plugins.PluginManager$LoadPluginsTask.compute(PluginManager.java:360)
	at java.util.concurrent.RecursiveTask.exec(RecursiveTask.java:94)
	at java.util.concurrent.ForkJoinTask.doExec(ForkJoinTask.java:289)
	at java.util.concurrent.ForkJoinPool$WorkQueue.runTask(ForkJoinPool.java:1056)
	at java.util.concurrent.ForkJoinPool.runWorker(ForkJoinPool.java:1692)
	at java.util.concurrent.ForkJoinWorkerThread.run(ForkJoinWorkerThread.java:157)
2018-02-26 21:08:11,678 ERROR [SoapUI] An error occurred [com.eviware.soapui.plugins.auto.factories.AutoImportMethodFactory], see error log for details
2018-02-26 21:08:11,678 ERROR [errorlog] java.lang.ClassNotFoundException: com.eviware.soapui.plugins.auto.factories.AutoImportMethodFactory
java.lang.ClassNotFoundException: com.eviware.soapui.plugins.auto.factories.AutoImportMethodFactory
	at java.net.URLClassLoader.findClass(URLClassLoader.java:381)
	at java.lang.ClassLoader.loadClass(ClassLoader.java:424)
	at sun.misc.Launcher$AppClassLoader.loadClass(Launcher.java:338)
	at java.lang.ClassLoader.loadClass(ClassLoader.java:357)
	at java.lang.Class.forName0(Native Method)
	at java.lang.Class.forName(Class.java:264)
	at com.eviware.soapui.plugins.LoaderBase.loadAutoFactories(LoaderBase.java:96)
	at com.eviware.soapui.plugins.LoaderBase.loadFactories(LoaderBase.java:64)
	at com.eviware.soapui.plugins.PluginLoader.loadPluginFactories(PluginLoader.java:129)
	at com.eviware.soapui.plugins.PluginLoader.loadPlugin(PluginLoader.java:92)
	at com.eviware.soapui.plugins.PluginLoader.loadPlugin(PluginLoader.java:42)
	at com.eviware.soapui.plugins.PluginManager.doInstallPlugin(PluginManager.java:136)
	at com.eviware.soapui.plugins.PluginManager.access$600(PluginManager.java:38)
	at com.eviware.soapui.plugins.PluginManager$LoadPluginsTask.computeSequentially(PluginManager.java:415)
	at com.eviware.soapui.plugins.PluginManager$LoadPluginsTask.compute(PluginManager.java:372)
	at com.eviware.soapui.plugins.PluginManager$LoadPluginsTask.compute(PluginManager.java:360)
	at java.util.concurrent.RecursiveTask.exec(RecursiveTask.java:94)
	at java.util.concurrent.ForkJoinTask.doExec(ForkJoinTask.java:289)
	at java.util.concurrent.ForkJoinPool$WorkQueue.runTask(ForkJoinPool.java:1056)
	at java.util.concurrent.ForkJoinPool.runWorker(ForkJoinPool.java:1692)
	at java.util.concurrent.ForkJoinWorkerThread.run(ForkJoinWorkerThread.java:157)
2018-02-26 21:08:11,678 INFO  [PluginManager] 5 plugins loaded in 3262 ms
2018-02-26 21:08:11,678 INFO  [DefaultSoapUICore] All plugins loaded
2018-02-26 21:08:12,710 INFO  [WsdlProject] Loaded project from [file:/C:/Users/Pamela%20Palacios/Documents/farmacia-soapui-project.xml]
2018-02-26 21:08:12,757 INFO  [SoapUITestCaseRunner] Running SoapUI tests in project [farmacia]
2018-02-26 21:08:12,757 INFO  [SoapUITestCaseRunner] Running Project [farmacia], runType = SEQUENTIAL
2018-02-26 21:08:12,788 INFO  [SoapUITestCaseRunner] Running SoapUI testcase [hello TestCase]
2018-02-26 21:08:12,803 INFO  [SoapUITestCaseRunner] running step [hello]
2018-02-26 21:08:13,272 INFO  [SoapUITestCaseRunner] running step [SOAP Request]
2018-02-26 21:08:13,491 INFO  [SoapUITestCaseRunner] Assertion [SOAP Response] has status VALID
2018-02-26 21:08:13,491 INFO  [SoapUITestCaseRunner] Finished running SoapUI testcase [hello TestCase], time taken: 668ms, status: FINISHED
2018-02-26 21:08:13,491 INFO  [SoapUITestCaseRunner] Project [farmacia] finished with status [FINISHED] in 734ms
2018-02-26 21:08:13,507 WARN  [Tools] Could not delete temporary directory C:\Users\PAMELA~1\AppData\Local\Temp\7cc438e1-2507-443a-9def-a79061d1596f
2018-02-26 21:08:13,507 WARN  [Tools] Could not delete temporary directory C:\Users\PAMELA~1\AppData\Local\Temp\ee4cd179-5e0b-4044-a2cf-5743af79785c
